<?xml version="1.0" encoding="UTF-8"?>
<!-- Generated by org.testng.reporters.JUnitXMLReporter -->
<testsuite ignored="0" hostname="Gaurav" failures="0" tests="2" name="Test" time="0.062" errors="0" timestamp="2022-11-13T15:56:26 IST">
  <testcase classname="endToendAutomationProject.Testcases.baseTest" name="@BeforeClass setup" time="-1.668335186829E9">
    <failure type="org.testng.TestNGException" message="
Parameter &amp;apos;browser&amp;apos; is required by BeforeClass on method setup but has not been marked @Optional or defined
in C:\Users\gaura\eclipse-workspace\endToendAutomationProject\testng.xml">
      <![CDATA[org.testng.TestNGException: 
Parameter 'browser' is required by BeforeClass on method setup but has not been marked @Optional or defined
in C:\Users\gaura\eclipse-workspace\endToendAutomationProject\testng.xml
at java.base/java.util.ArrayList.forEach(ArrayList.java:1511)
... Removed 22 stack frames]]>
    </failure>
  </testcase> <!-- @BeforeClass setup -->
  <testcase classname="endToendAutomationProject.Testcases.baseTest" name="@AfterClass treardown" time="-1.668335186864E9">
    <skipped/>
  </testcase> <!-- @AfterClass treardown -->
  <testcase classname="endToendAutomationProject.Testcases.testLoginPage_001" name="loginaccount" time="0.0">
    <skipped/>
  </testcase> <!-- loginaccount -->
  <testcase classname="endToendAutomationProject.Testcases.testLoginPage_001" name="newcustlink" time="0.0">
    <skipped/>
  </testcase> <!-- newcustlink -->
</testsuite> <!-- Test -->
